2023-01-23T05:02:09+00:00 CRITICAL syntax error, unexpected end of file in C:\xampp\htdocs\ziracon\wp-content\themes\storefront\functions.php on line 75

2023-01-23T05:03:08+00:00 CRITICAL syntax error, unexpected string content "", expecting ";" in C:\xampp\htdocs\ziracon\wp-content\themes\storefront\custom-shortcode.php on line 3

2023-01-23T05:03:41+00:00 CRITICAL syntax error, unexpected token "}", expecting ";" in C:\xampp\htdocs\ziracon\wp-content\themes\storefront\custom-shortcode.php on line 4

2023-01-23T05:04:08+00:00 CRITICAL syntax error, unexpected token "}", expecting ";" in C:\xampp\htdocs\ziracon\wp-content\themes\storefront\custom-shortcode.php on line 4

2023-01-23T05:05:42+00:00 CRITICAL Uncaught Error: Undefined constant "add" in C:\xampp\htdocs\ziracon\wp-content\themes\storefront\custom-shortcode.php:5
Stack trace:
#0 C:\xampp\htdocs\ziracon\wp-content\themes\storefront\functions.php(73): include()
#1 C:\xampp\htdocs\ziracon\wp-settings.php(585): include('C:\\xampp\\htdocs...')
#2 C:\xampp\htdocs\ziracon\wp-config.php(96): require_once('C:\\xampp\\htdocs...')
#3 C:\xampp\htdocs\ziracon\wp-load.php(50): require_once('C:\\xampp\\htdocs...')
#4 C:\xampp\htdocs\ziracon\wp-admin\admin-ajax.php(22): require_once('C:\\xampp\\htdocs...')
#5 {main}
  thrown in C:\xampp\htdocs\ziracon\wp-content\themes\storefront\custom-shortcode.php on line 5

2023-01-23T05:06:10+00:00 CRITICAL Uncaught ArgumentCountError: Too few arguments to function add_shortcode(), 1 passed in C:\xampp\htdocs\ziracon\wp-content\themes\storefront\custom-shortcode.php on line 5 and exactly 2 expected in C:\xampp\htdocs\ziracon\wp-includes\shortcodes.php:63
Stack trace:
#0 C:\xampp\htdocs\ziracon\wp-content\themes\storefront\custom-shortcode.php(5): add_shortcode('')
#1 C:\xampp\htdocs\ziracon\wp-content\themes\storefront\functions.php(73): include('C:\\xampp\\htdocs...')
#2 C:\xampp\htdocs\ziracon\wp-settings.php(585): include('C:\\xampp\\htdocs...')
#3 C:\xampp\htdocs\ziracon\wp-config.php(96): require_once('C:\\xampp\\htdocs...')
#4 C:\xampp\htdocs\ziracon\wp-load.php(50): require_once('C:\\xampp\\htdocs...')
#5 C:\xampp\htdocs\ziracon\wp-admin\admin-ajax.php(22): require_once('C:\\xampp\\htdocs...')
#6 {main}
  thrown in C:\xampp\htdocs\ziracon\wp-includes\shortcodes.php on line 63

2023-01-23T05:13:39+00:00 CRITICAL syntax error, unexpected token ";", expecting "(" in C:\xampp\htdocs\ziracon\wp-content\themes\storefront\custom-shortcode.php on line 8

2023-01-23T05:14:20+00:00 CRITICAL syntax error, unexpected token ";", expecting "(" in C:\xampp\htdocs\ziracon\wp-content\themes\storefront\custom-shortcode.php on line 8

2023-01-23T05:14:50+00:00 CRITICAL syntax error, unexpected token ";", expecting "{" in C:\xampp\htdocs\ziracon\wp-content\themes\storefront\custom-shortcode.php on line 8

2023-01-23T05:15:20+00:00 CRITICAL syntax error, unexpected token "}" in C:\xampp\htdocs\ziracon\wp-content\themes\storefront\custom-shortcode.php on line 9

2023-01-23T05:15:39+00:00 CRITICAL syntax error, unexpected string content "", expecting ")" in C:\xampp\htdocs\ziracon\wp-content\themes\storefront\custom-shortcode.php on line 9

2023-01-23T05:16:21+00:00 CRITICAL syntax error, unexpected token "}" in C:\xampp\htdocs\ziracon\wp-content\themes\storefront\custom-shortcode.php on line 12

2023-01-23T05:16:51+00:00 CRITICAL syntax error, unexpected token "}" in C:\xampp\htdocs\ziracon\wp-content\themes\storefront\custom-shortcode.php on line 12

2023-01-23T05:17:21+00:00 CRITICAL syntax error, unexpected token "}", expecting ";" in C:\xampp\htdocs\ziracon\wp-content\themes\storefront\custom-shortcode.php on line 13

2023-01-23T05:17:40+00:00 CRITICAL syntax error, unexpected token "}", expecting ";" in C:\xampp\htdocs\ziracon\wp-content\themes\storefront\custom-shortcode.php on line 13

2023-01-23T05:18:21+00:00 CRITICAL Uncaught Error: Undefined constant "func" in C:\xampp\htdocs\ziracon\wp-content\themes\storefront\custom-shortcode.php:14
Stack trace:
#0 C:\xampp\htdocs\ziracon\wp-content\themes\storefront\functions.php(73): include()
#1 C:\xampp\htdocs\ziracon\wp-settings.php(585): include('C:\\xampp\\htdocs...')
#2 C:\xampp\htdocs\ziracon\wp-config.php(96): require_once('C:\\xampp\\htdocs...')
#3 C:\xampp\htdocs\ziracon\wp-load.php(50): require_once('C:\\xampp\\htdocs...')
#4 C:\xampp\htdocs\ziracon\wp-admin\admin-ajax.php(22): require_once('C:\\xampp\\htdocs...')
#5 {main}
  thrown in C:\xampp\htdocs\ziracon\wp-content\themes\storefront\custom-shortcode.php on line 14

2023-01-23T05:49:38+00:00 CRITICAL syntax error, unexpected variable "$content", expecting ")" in C:\xampp\htdocs\ziracon\wp-content\themes\storefront\custom-shortcode.php on line 7

2023-01-23T05:49:54+00:00 CRITICAL syntax error, unexpected variable "$content", expecting ")" in C:\xampp\htdocs\ziracon\wp-content\themes\storefront\custom-shortcode.php on line 7

2023-01-23T05:50:01+00:00 CRITICAL syntax error, unexpected variable "$content", expecting ")" in C:\xampp\htdocs\ziracon\wp-content\themes\storefront\custom-shortcode.php on line 7

2023-01-23T05:50:39+00:00 CRITICAL syntax error, unexpected variable "$content", expecting ")" in C:\xampp\htdocs\ziracon\wp-content\themes\storefront\custom-shortcode.php on line 7

2023-01-23T05:51:39+00:00 CRITICAL syntax error, unexpected variable "$content", expecting ")" in C:\xampp\htdocs\ziracon\wp-content\themes\storefront\custom-shortcode.php on line 7

2023-01-23T05:51:55+00:00 CRITICAL syntax error, unexpected variable "$content", expecting ")" in C:\xampp\htdocs\ziracon\wp-content\themes\storefront\custom-shortcode.php on line 7

2023-01-23T05:52:02+00:00 CRITICAL syntax error, unexpected variable "$content", expecting ")" in C:\xampp\htdocs\ziracon\wp-content\themes\storefront\custom-shortcode.php on line 7

2023-01-23T05:52:39+00:00 CRITICAL syntax error, unexpected token "return" in C:\xampp\htdocs\ziracon\wp-content\themes\storefront\custom-shortcode.php on line 13

2023-01-23T05:53:40+00:00 CRITICAL syntax error, unexpected identifier "subscribe", expecting ";" in C:\xampp\htdocs\ziracon\wp-content\themes\storefront\custom-shortcode.php on line 15

2023-01-23T05:53:56+00:00 CRITICAL syntax error, unexpected token "<" in C:\xampp\htdocs\ziracon\wp-content\themes\storefront\custom-shortcode.php on line 13

2023-01-23T05:54:03+00:00 CRITICAL syntax error, unexpected token "<" in C:\xampp\htdocs\ziracon\wp-content\themes\storefront\custom-shortcode.php on line 13

2023-01-23T05:59:27+00:00 CRITICAL syntax error, unexpected string content ")", expecting "(" in C:\xampp\htdocs\ziracon\wp-content\themes\storefront\custom-shortcode.php on line 22

2023-01-23T05:59:28+00:00 CRITICAL syntax error, unexpected token ";", expecting "{" in C:\xampp\htdocs\ziracon\wp-content\themes\storefront\custom-shortcode.php on line 24

2023-01-23T06:00:27+00:00 CRITICAL syntax error, unexpected token "}" in C:\xampp\htdocs\ziracon\wp-content\themes\storefront\custom-shortcode.php on line 26

2023-01-23T06:01:28+00:00 CRITICAL syntax error, unexpected token "=>", expecting ")" in C:\xampp\htdocs\ziracon\wp-content\themes\storefront\custom-shortcode.php on line 24

2023-01-23T06:01:29+00:00 CRITICAL syntax error, unexpected token "=>", expecting ")" in C:\xampp\htdocs\ziracon\wp-content\themes\storefront\custom-shortcode.php on line 24

2023-01-23T06:02:29+00:00 CRITICAL syntax error, unexpected token "=>", expecting ")" in C:\xampp\htdocs\ziracon\wp-content\themes\storefront\custom-shortcode.php on line 23

2023-01-23T06:03:29+00:00 CRITICAL syntax error, unexpected token "=>", expecting ")" in C:\xampp\htdocs\ziracon\wp-content\themes\storefront\custom-shortcode.php on line 24

2023-01-23T06:03:30+00:00 CRITICAL syntax error, unexpected token "=>", expecting ")" in C:\xampp\htdocs\ziracon\wp-content\themes\storefront\custom-shortcode.php on line 24

2023-01-23T06:04:30+00:00 CRITICAL Cannot redeclare my_shortcode_function() (previously declared in C:\xampp\htdocs\ziracon\wp-content\themes\storefront\custom-shortcode.php:16) in C:\xampp\htdocs\ziracon\wp-content\themes\storefront\custom-shortcode.php on line 22

2023-01-23T06:05:31+00:00 CRITICAL Cannot redeclare my_shortcode_function() (previously declared in C:\xampp\htdocs\ziracon\wp-content\themes\storefront\custom-shortcode.php:17) in C:\xampp\htdocs\ziracon\wp-content\themes\storefront\custom-shortcode.php on line 23

2023-01-23T06:06:10+00:00 CRITICAL Cannot redeclare my_shortcode_function() (previously declared in C:\xampp\htdocs\ziracon\wp-content\themes\storefront\custom-shortcode.php:17) in C:\xampp\htdocs\ziracon\wp-content\themes\storefront\custom-shortcode.php on line 23

2023-01-23T06:08:11+00:00 CRITICAL Cannot redeclare my_shortcode_function() (previously declared in C:\xampp\htdocs\ziracon\wp-content\themes\storefront\custom-shortcode.php:18) in C:\xampp\htdocs\ziracon\wp-content\themes\storefront\custom-shortcode.php on line 24

2023-01-23T06:16:32+00:00 CRITICAL Cannot redeclare my_shortcode_function() (previously declared in C:\xampp\htdocs\ziracon\wp-content\themes\storefront\functions.php:79) in C:\xampp\htdocs\ziracon\wp-content\themes\storefront\custom-shortcode.php on line 18

2023-01-23T06:16:55+00:00 CRITICAL Cannot redeclare my_shortcode_function() (previously declared in C:\xampp\htdocs\ziracon\wp-content\themes\storefront\functions.php:79) in C:\xampp\htdocs\ziracon\wp-content\themes\storefront\custom-shortcode.php on line 18

2023-01-23T06:17:01+00:00 CRITICAL Cannot redeclare my_shortcode_function() (previously declared in C:\xampp\htdocs\ziracon\wp-content\themes\storefront\functions.php:79) in C:\xampp\htdocs\ziracon\wp-content\themes\storefront\custom-shortcode.php on line 18

2023-01-23T06:17:03+00:00 CRITICAL Cannot redeclare my_shortcode_function() (previously declared in C:\xampp\htdocs\ziracon\wp-content\themes\storefront\functions.php:79) in C:\xampp\htdocs\ziracon\wp-content\themes\storefront\custom-shortcode.php on line 18

2023-01-23T06:17:16+00:00 CRITICAL Cannot redeclare my_shortcode_function() (previously declared in C:\xampp\htdocs\ziracon\wp-content\themes\storefront\functions.php:79) in C:\xampp\htdocs\ziracon\wp-content\themes\storefront\custom-shortcode.php on line 18

2023-01-23T06:17:18+00:00 CRITICAL Cannot redeclare my_shortcode_function() (previously declared in C:\xampp\htdocs\ziracon\wp-content\themes\storefront\functions.php:79) in C:\xampp\htdocs\ziracon\wp-content\themes\storefront\custom-shortcode.php on line 18

2023-01-23T06:17:32+00:00 CRITICAL Cannot redeclare my_shortcode_function() (previously declared in C:\xampp\htdocs\ziracon\wp-content\themes\storefront\functions.php:79) in C:\xampp\htdocs\ziracon\wp-content\themes\storefront\custom-shortcode.php on line 18

2023-01-23T06:57:33+00:00 CRITICAL syntax error, unexpected token "<", expecting end of file in C:\xampp\htdocs\ziracon\wp-content\themes\storefront\functions.php on line 97

2023-01-23T07:05:47+00:00 CRITICAL syntax error, unexpected token ";", expecting "(" in C:\xampp\htdocs\ziracon\wp-content\themes\storefront\functions.php on line 112

